# meta: {"name": "?", "CAS": "?", "area [A^2]": 476.07380444247974, "volume [A^3]": 487.01415212234224, "r_av [A]": 0.8176300195, "f_decay": 1.0, "sigma_hb [e/A^2]": 0.0084, "averaging": "Mullins"}
# Rows are given as: sigma [e/A^2] followed by a space, then psigmaA [A^2]
# In the case of three sigma profiles, the order is NHB, OH, then OT
-0.0250 0.00000000000000e+00
-0.0240 0.00000000000000e+00
-0.0230 0.00000000000000e+00
-0.0220 0.00000000000000e+00
-0.0210 0.00000000000000e+00
-0.0200 0.00000000000000e+00
-0.0190 0.00000000000000e+00
-0.0180 0.00000000000000e+00
-0.0170 0.00000000000000e+00
-0.0160 0.00000000000000e+00
-0.0150 4.09294333841418e-01
-0.0140 1.40452319432305e+00
-0.0130 1.45577360209908e+00
-0.0120 2.08525012133885e+00
-0.0110 2.44382018869663e+00
-0.0100 3.43527391858602e+00
-0.0090 2.42710653826075e+00
-0.0080 3.04220413267859e+00
-0.0070 7.80497335931754e+00
-0.0060 2.43298972486750e+01
-0.0050 2.91549332621220e+01
-0.0040 3.63365125876309e+01
-0.0030 3.42444750621598e+01
-0.0020 3.21318928104441e+01
-0.0010 3.61581218488233e+01
0.0000 4.19062465088794e+01
0.0010 4.52576429956923e+01
0.0020 6.56747473049309e+01
0.0030 2.11562396414717e+01
0.0040 1.23161453634164e+01
0.0050 9.08621928370532e+00
0.0060 1.23963231297836e+01
0.0070 1.25919332812387e+01
0.0080 1.02387673377595e+01
0.0090 1.55253275657959e+01
0.0100 1.18040725455675e+01
0.0110 1.25608598094958e+00
0.0120 0.00000000000000e+00
0.0130 0.00000000000000e+00
0.0140 0.00000000000000e+00
0.0150 0.00000000000000e+00
0.0160 0.00000000000000e+00
0.0170 0.00000000000000e+00
0.0180 0.00000000000000e+00
0.0190 0.00000000000000e+00
0.0200 0.00000000000000e+00
0.0210 0.00000000000000e+00
0.0220 0.00000000000000e+00
0.0230 0.00000000000000e+00
0.0240 0.00000000000000e+00
0.0250 0.00000000000000e+00
