# meta: {"name": "?", "CAS": "?", "area [A^2]": 474.71565749278267, "volume [A^3]": 486.46454370280276, "r_av [A]": 0.8176300195, "f_decay": 1.0, "sigma_hb [e/A^2]": 0.0084, "averaging": "Mullins"}
# Rows are given as: sigma [e/A^2] followed by a space, then psigmaA [A^2]
# In the case of three sigma profiles, the order is NHB, OH, then OT
-0.0250 0.00000000000000e+00
-0.0240 0.00000000000000e+00
-0.0230 0.00000000000000e+00
-0.0220 0.00000000000000e+00
-0.0210 0.00000000000000e+00
-0.0200 0.00000000000000e+00
-0.0190 0.00000000000000e+00
-0.0180 0.00000000000000e+00
-0.0170 0.00000000000000e+00
-0.0160 0.00000000000000e+00
-0.0150 0.00000000000000e+00
-0.0140 5.07333305202632e-01
-0.0130 1.16169579264183e+00
-0.0120 2.51817847484957e+00
-0.0110 2.66553492605227e+00
-0.0100 3.03064697876605e+00
-0.0090 2.73914373987079e+00
-0.0080 2.91700860451816e+00
-0.0070 9.39988265303508e+00
-0.0060 2.18457047909461e+01
-0.0050 2.53012849491154e+01
-0.0040 3.10769389798516e+01
-0.0030 3.61523722411832e+01
-0.0020 4.07883965779512e+01
-0.0010 4.32090904319293e+01
0.0000 4.55102116391615e+01
0.0010 4.61929886557867e+01
0.0020 5.53500649913557e+01
0.0030 2.24346412117213e+01
0.0040 1.06859475109538e+01
0.0050 1.04345482196699e+01
0.0060 9.78106417550523e+00
0.0070 1.03783452903637e+01
0.0080 1.18560089772781e+01
0.0090 1.58845812183762e+01
0.0100 1.16037137679792e+01
0.0110 1.29032803450031e+00
0.0120 0.00000000000000e+00
0.0130 0.00000000000000e+00
0.0140 0.00000000000000e+00
0.0150 0.00000000000000e+00
0.0160 0.00000000000000e+00
0.0170 0.00000000000000e+00
0.0180 0.00000000000000e+00
0.0190 0.00000000000000e+00
0.0200 0.00000000000000e+00
0.0210 0.00000000000000e+00
0.0220 0.00000000000000e+00
0.0230 0.00000000000000e+00
0.0240 0.00000000000000e+00
0.0250 0.00000000000000e+00
