# meta: {"name": "?", "CAS": "?", "area [A^2]": 474.4551307570643, "volume [A^3]": 485.1954375077053, "r_av [A]": 0.8176300195, "f_decay": 1.0, "sigma_hb [e/A^2]": 0.0084, "averaging": "Mullins"}
# Rows are given as: sigma [e/A^2] followed by a space, then psigmaA [A^2]
# In the case of three sigma profiles, the order is NHB, OH, then OT
-0.0250 0.00000000000000e+00
-0.0240 0.00000000000000e+00
-0.0230 0.00000000000000e+00
-0.0220 0.00000000000000e+00
-0.0210 0.00000000000000e+00
-0.0200 0.00000000000000e+00
-0.0190 0.00000000000000e+00
-0.0180 0.00000000000000e+00
-0.0170 0.00000000000000e+00
-0.0160 0.00000000000000e+00
-0.0150 1.05394822644374e-02
-0.0140 1.30276229528055e+00
-0.0130 2.21121050716263e+00
-0.0120 2.35921190368293e+00
-0.0110 2.53611153267290e+00
-0.0100 2.45362147211316e+00
-0.0090 3.52857997117092e+00
-0.0080 5.58112814342349e+00
-0.0070 9.32228788492215e+00
-0.0060 1.91199575976185e+01
-0.0050 2.59125571070993e+01
-0.0040 2.76258259493276e+01
-0.0030 3.54093147686307e+01
-0.0020 3.72801191972071e+01
-0.0010 4.18953576438552e+01
0.0000 4.65103333947742e+01
0.0010 4.82801188562351e+01
0.0020 5.67558134856837e+01
0.0030 2.13648556253162e+01
0.0040 1.29246448429805e+01
0.0050 1.10071733508520e+01
0.0060 9.61979830634748e+00
0.0070 1.14283406111735e+01
0.0080 1.42290377920327e+01
0.0090 1.52642721406891e+01
0.0100 9.35352512879629e+00
0.0110 1.16863069800363e+00
0.0120 0.00000000000000e+00
0.0130 0.00000000000000e+00
0.0140 0.00000000000000e+00
0.0150 0.00000000000000e+00
0.0160 0.00000000000000e+00
0.0170 0.00000000000000e+00
0.0180 0.00000000000000e+00
0.0190 0.00000000000000e+00
0.0200 0.00000000000000e+00
0.0210 0.00000000000000e+00
0.0220 0.00000000000000e+00
0.0230 0.00000000000000e+00
0.0240 0.00000000000000e+00
0.0250 0.00000000000000e+00
