# meta: {"name": "?", "CAS": "?", "area [A^2]": 475.4263832973718, "volume [A^3]": 485.5233920109754, "r_av [A]": 0.8176300195, "f_decay": 1.0, "sigma_hb [e/A^2]": 0.0084, "averaging": "Mullins"}
# Rows are given as: sigma [e/A^2] followed by a space, then psigmaA [A^2]
# In the case of three sigma profiles, the order is NHB, OH, then OT
-0.0250 0.00000000000000e+00
-0.0240 0.00000000000000e+00
-0.0230 0.00000000000000e+00
-0.0220 0.00000000000000e+00
-0.0210 0.00000000000000e+00
-0.0200 0.00000000000000e+00
-0.0190 0.00000000000000e+00
-0.0180 0.00000000000000e+00
-0.0170 0.00000000000000e+00
-0.0160 0.00000000000000e+00
-0.0150 1.90584261229473e-02
-0.0140 7.77771376969790e-01
-0.0130 1.75208456969769e+00
-0.0120 2.46856824963737e+00
-0.0110 2.51669347876228e+00
-0.0100 2.27179880582720e+00
-0.0090 2.27544742763449e+00
-0.0080 3.61101271267239e+00
-0.0070 7.72780544583957e+00
-0.0060 2.30367635840025e+01
-0.0050 2.69958703764878e+01
-0.0040 3.02496847277100e+01
-0.0030 3.65726215622137e+01
-0.0020 3.86461834108040e+01
-0.0010 4.49499921164605e+01
0.0000 4.44184528614823e+01
0.0010 4.72921376893937e+01
0.0020 5.37370594942439e+01
0.0030 2.04369796368786e+01
0.0040 1.38437936184499e+01
0.0050 1.12893739788388e+01
0.0060 9.76267060110485e+00
0.0070 1.09790102143383e+01
0.0080 1.07884347627928e+01
0.0090 1.72057285107097e+01
0.0100 1.11289745110205e+01
0.0110 6.72409775416392e-01
0.0120 0.00000000000000e+00
0.0130 0.00000000000000e+00
0.0140 0.00000000000000e+00
0.0150 0.00000000000000e+00
0.0160 0.00000000000000e+00
0.0170 0.00000000000000e+00
0.0180 0.00000000000000e+00
0.0190 0.00000000000000e+00
0.0200 0.00000000000000e+00
0.0210 0.00000000000000e+00
0.0220 0.00000000000000e+00
0.0230 0.00000000000000e+00
0.0240 0.00000000000000e+00
0.0250 0.00000000000000e+00
