# meta: {"name": "?", "CAS": "?", "area [A^2]": 474.8118526425283, "volume [A^3]": 486.1644370803546, "r_av [A]": 0.8176300195, "f_decay": 1.0, "sigma_hb [e/A^2]": 0.0084, "averaging": "Mullins"}
# Rows are given as: sigma [e/A^2] followed by a space, then psigmaA [A^2]
# In the case of three sigma profiles, the order is NHB, OH, then OT
-0.0250 0.00000000000000e+00
-0.0240 0.00000000000000e+00
-0.0230 0.00000000000000e+00
-0.0220 0.00000000000000e+00
-0.0210 0.00000000000000e+00
-0.0200 0.00000000000000e+00
-0.0190 0.00000000000000e+00
-0.0180 0.00000000000000e+00
-0.0170 0.00000000000000e+00
-0.0160 0.00000000000000e+00
-0.0150 3.04346034346633e-01
-0.0140 1.33627448724800e+00
-0.0130 1.91858294772309e+00
-0.0120 2.03269098279246e+00
-0.0110 2.60195018318107e+00
-0.0100 2.71596381581220e+00
-0.0090 2.69094957032559e+00
-0.0080 3.91640028324738e+00
-0.0070 8.64505796486092e+00
-0.0060 1.78380731579951e+01
-0.0050 2.51817932267857e+01
-0.0040 3.01671012524019e+01
-0.0030 3.65945283431202e+01
-0.0020 3.60295356934325e+01
-0.0010 4.30931077889220e+01
0.0000 4.74497202744252e+01
0.0010 5.33757623750058e+01
0.0020 5.96486104728235e+01
0.0030 2.14736128822442e+01
0.0040 8.81458305034723e+00
0.0050 1.04952210153774e+01
0.0060 1.03288524197600e+01
0.0070 1.13062321055040e+01
0.0080 1.08481909391451e+01
0.0090 1.31233813253284e+01
0.0100 1.13927885255826e+01
0.0110 1.48854011708685e+00
0.0120 0.00000000000000e+00
0.0130 0.00000000000000e+00
0.0140 0.00000000000000e+00
0.0150 0.00000000000000e+00
0.0160 0.00000000000000e+00
0.0170 0.00000000000000e+00
0.0180 0.00000000000000e+00
0.0190 0.00000000000000e+00
0.0200 0.00000000000000e+00
0.0210 0.00000000000000e+00
0.0220 0.00000000000000e+00
0.0230 0.00000000000000e+00
0.0240 0.00000000000000e+00
0.0250 0.00000000000000e+00
